<?xml version="1.0" encoding="UTF-8"?>
<!-- Generated by org.testng.reporters.JUnitReportReporter -->
<testsuite skipped="0" hostname="E7450" name="com.Olympics" tests="5" failures="0" timestamp="03 Jul 2018 14:26:32 GMT" time="11.918" errors="0">
  <testcase name="testCase1" time="3.581" classname="com.Olympics"/>
  <testcase name="testCase3" time="1.729" classname="com.Olympics"/>
  <testcase name="testCase4" time="2.538" classname="com.Olympics"/>
  <testcase name="testCase2" time="2.784" classname="com.Olympics"/>
  <testcase name="testCase5" time="1.286" classname="com.Olympics"/>
</testsuite> <!-- com.Olympics -->
